2023-12-07 02:02:38,572 Starting training:
        Data Root:       /workspace/unet/data_HR/OS
        Epochs:          50
        Batch size:      8
        Learning rate:   0.001
        Training size:   19474
        Validation size: 2434
        Device:          cuda
        Images scaling:  0.5
    
2023-12-07 02:18:14,805 Epoch: 1, Loss: 1.009, Pixel Accuracy:  0.8790
2023-12-07 02:18:14,896 Checkpoint 1 saved !
2023-12-07 02:28:31,119 Epoch: 2, Loss: 2.061, Pixel Accuracy:  0.8791
2023-12-07 02:28:31,304 Checkpoint 2 saved !
2023-12-07 02:46:28,666 Epoch: 3, Loss: 1.240, Pixel Accuracy:  0.8790
2023-12-07 02:46:28,781 Checkpoint 3 saved !
2023-12-07 03:04:25,139 Epoch: 4, Loss: 0.451, Pixel Accuracy:  0.8779
2023-12-07 03:04:25,339 Checkpoint 4 saved !
2023-12-07 03:21:42,376 Epoch: 5, Loss: 0.290, Pixel Accuracy:  0.8901
2023-12-07 03:21:42,569 Checkpoint 5 saved !
2023-12-07 03:39:30,196 Epoch: 6, Loss: 0.416, Pixel Accuracy:  0.8345
2023-12-07 03:39:30,381 Checkpoint 6 saved !
2023-12-07 03:55:28,752 Epoch: 7, Loss: 0.634, Pixel Accuracy:  0.7907
2023-12-07 03:55:28,894 Checkpoint 7 saved !
2023-12-07 04:05:03,132 Epoch: 8, Loss: 0.338, Pixel Accuracy:  0.8525
2023-12-07 04:05:03,333 Checkpoint 8 saved !
2023-12-07 04:15:43,735 Epoch: 9, Loss: 0.193, Pixel Accuracy:  0.9275
2023-12-07 04:15:43,927 Checkpoint 9 saved !
2023-12-07 04:25:48,469 Epoch: 10, Loss: 0.531, Pixel Accuracy:  0.8749
2023-12-07 04:25:48,580 Checkpoint 10 saved !
2023-12-07 04:35:52,706 Epoch: 11, Loss: 0.182, Pixel Accuracy:  0.9220
2023-12-07 04:35:52,923 Checkpoint 11 saved !
2023-12-07 04:45:57,137 Epoch: 12, Loss: 0.233, Pixel Accuracy:  0.9027
2023-12-07 04:45:57,252 Checkpoint 12 saved !
2023-12-07 04:56:02,152 Epoch: 13, Loss: 0.335, Pixel Accuracy:  0.8383
2023-12-07 04:56:02,262 Checkpoint 13 saved !
2023-12-07 05:05:46,473 Epoch: 14, Loss: 0.369, Pixel Accuracy:  0.8676
2023-12-07 05:05:46,581 Checkpoint 14 saved !
2023-12-07 05:15:07,995 Epoch: 15, Loss: 0.288, Pixel Accuracy:  0.8856
2023-12-07 05:15:08,121 Checkpoint 15 saved !
2023-12-07 05:25:13,092 Epoch: 16, Loss: 0.480, Pixel Accuracy:  0.8763
2023-12-07 05:25:13,209 Checkpoint 16 saved !
2023-12-07 05:35:19,012 Epoch: 17, Loss: 0.414, Pixel Accuracy:  0.8607
2023-12-07 05:35:19,140 Checkpoint 17 saved !
2023-12-07 05:45:24,096 Epoch: 18, Loss: 0.569, Pixel Accuracy:  0.8792
2023-12-07 05:45:24,211 Checkpoint 18 saved !
2023-12-07 05:55:28,445 Epoch: 19, Loss: 0.199, Pixel Accuracy:  0.9214
2023-12-07 05:55:28,544 Checkpoint 19 saved !
2023-12-07 06:05:34,985 Epoch: 20, Loss: 0.380, Pixel Accuracy:  0.8821
2023-12-07 06:05:35,100 Checkpoint 20 saved !
2023-12-07 06:15:04,293 Epoch: 21, Loss: 0.380, Pixel Accuracy:  0.8673
2023-12-07 06:15:04,405 Checkpoint 21 saved !
2023-12-07 06:24:53,413 Epoch: 22, Loss: 0.232, Pixel Accuracy:  0.9040
2023-12-07 06:24:53,525 Checkpoint 22 saved !
2023-12-07 06:34:59,914 Epoch: 23, Loss: 0.262, Pixel Accuracy:  0.9066
2023-12-07 06:35:00,034 Checkpoint 23 saved !
2023-12-07 06:45:05,673 Epoch: 24, Loss: 0.231, Pixel Accuracy:  0.9044
2023-12-07 06:45:05,775 Checkpoint 24 saved !
2023-12-07 06:55:10,332 Epoch: 25, Loss: 0.218, Pixel Accuracy:  0.9223
2023-12-07 06:55:10,432 Checkpoint 25 saved !
2023-12-07 07:05:16,301 Epoch: 26, Loss: 0.115, Pixel Accuracy:  0.9572
2023-12-07 07:05:16,520 Checkpoint 26 saved !
2023-12-07 07:14:44,202 Epoch: 27, Loss: 0.109, Pixel Accuracy:  0.9598
2023-12-07 07:14:44,416 Checkpoint 27 saved !
2023-12-07 07:19:44,934 Epoch: 28, Loss: 0.290, Pixel Accuracy:  0.9171
2023-12-07 07:19:45,063 Checkpoint 28 saved !
2023-12-07 07:25:59,128 Epoch: 29, Loss: 0.139, Pixel Accuracy:  0.9510
2023-12-07 07:25:59,224 Checkpoint 29 saved !
2023-12-07 07:36:44,180 Epoch: 30, Loss: 0.233, Pixel Accuracy:  0.9187
2023-12-07 07:36:44,274 Checkpoint 30 saved !
2023-12-07 07:43:30,875 Epoch: 31, Loss: 0.138, Pixel Accuracy:  0.9530
2023-12-07 07:43:30,974 Checkpoint 31 saved !
2023-12-07 07:50:14,631 Epoch: 32, Loss: 0.214, Pixel Accuracy:  0.9207
2023-12-07 07:50:14,739 Checkpoint 32 saved !
2023-12-07 07:56:59,815 Epoch: 33, Loss: 0.184, Pixel Accuracy:  0.9352
2023-12-07 07:56:59,917 Checkpoint 33 saved !
2023-12-07 08:03:31,503 Epoch: 34, Loss: 0.196, Pixel Accuracy:  0.9466
2023-12-07 08:03:31,629 Checkpoint 34 saved !
2023-12-07 08:08:44,649 Epoch: 35, Loss: 0.120, Pixel Accuracy:  0.9591
2023-12-07 08:08:44,852 Checkpoint 35 saved !
2023-12-07 08:15:22,100 Epoch: 36, Loss: 0.126, Pixel Accuracy:  0.9563
2023-12-07 08:15:22,208 Checkpoint 36 saved !
2023-12-07 08:22:06,912 Epoch: 37, Loss: 0.107, Pixel Accuracy:  0.9627
2023-12-07 08:22:07,087 Checkpoint 37 saved !
2023-12-07 08:28:53,643 Epoch: 38, Loss: 0.092, Pixel Accuracy:  0.9673
2023-12-07 08:28:53,848 Checkpoint 38 saved !
2023-12-07 08:35:39,900 Epoch: 39, Loss: 0.234, Pixel Accuracy:  0.9359
2023-12-07 08:35:40,014 Checkpoint 39 saved !
2023-12-07 08:42:12,067 Epoch: 40, Loss: 0.105, Pixel Accuracy:  0.9633
2023-12-07 08:42:12,164 Checkpoint 40 saved !
2023-12-07 08:48:12,589 Epoch: 41, Loss: 0.100, Pixel Accuracy:  0.9667
2023-12-07 08:48:12,702 Checkpoint 41 saved !
2023-12-07 08:53:54,338 Epoch: 42, Loss: 0.119, Pixel Accuracy:  0.9620
2023-12-07 08:53:54,449 Checkpoint 42 saved !
2023-12-07 08:58:35,258 Epoch: 43, Loss: 0.159, Pixel Accuracy:  0.9549
2023-12-07 08:58:35,375 Checkpoint 43 saved !
2023-12-07 09:04:34,833 Epoch: 44, Loss: 0.150, Pixel Accuracy:  0.9544
2023-12-07 09:04:34,934 Checkpoint 44 saved !
2023-12-07 09:10:34,208 Epoch: 45, Loss: 0.138, Pixel Accuracy:  0.9555
2023-12-07 09:10:34,316 Checkpoint 45 saved !
2023-12-07 09:16:32,154 Epoch: 46, Loss: 0.114, Pixel Accuracy:  0.9632
2023-12-07 09:16:32,254 Checkpoint 46 saved !
2023-12-07 09:22:31,192 Epoch: 47, Loss: 0.104, Pixel Accuracy:  0.9653
2023-12-07 09:22:31,298 Checkpoint 47 saved !
2023-12-07 09:28:30,438 Epoch: 48, Loss: 0.114, Pixel Accuracy:  0.9628
2023-12-07 09:28:30,538 Checkpoint 48 saved !
2023-12-07 09:34:29,005 Epoch: 49, Loss: 0.795, Pixel Accuracy:  0.8791
2023-12-07 09:34:29,130 Checkpoint 49 saved !
2023-12-07 09:38:43,302 Epoch: 50, Loss: 0.099, Pixel Accuracy:  0.9658
2023-12-07 09:38:43,427 Checkpoint 50 saved !
