2023-12-07 01:54:42,733 Starting training:
        Data Root:       /workspace/unet/data_NR/AP
        Epochs:          30
        Batch size:      8
        Learning rate:   0.001
        Training size:   19697
        Validation size: 2462
        Device:          cuda
        Images scaling:  0.5
    
2023-12-07 02:23:29,036 Epoch: 1, Loss: 0.705, Pixel Accuracy:  0.7588
2023-12-07 02:23:29,205 Checkpoint 1 saved !
2023-12-07 02:56:08,861 Epoch: 2, Loss: 0.700, Pixel Accuracy:  0.7750
2023-12-07 02:56:09,176 Checkpoint 2 saved !
2023-12-07 03:27:24,295 Epoch: 3, Loss: 0.728, Pixel Accuracy:  0.7417
2023-12-07 03:27:24,390 Checkpoint 3 saved !
2023-12-07 04:02:56,400 Epoch: 4, Loss: 0.825, Pixel Accuracy:  0.7234
2023-12-07 04:02:56,529 Checkpoint 4 saved !
2023-12-07 05:10:55,334 Epoch: 5, Loss: 0.824, Pixel Accuracy:  0.7247
2023-12-07 05:10:55,472 Checkpoint 5 saved !
2023-12-07 06:17:17,568 Epoch: 6, Loss: 0.669, Pixel Accuracy:  0.7278
2023-12-07 06:17:17,678 Checkpoint 6 saved !
2023-12-07 07:21:14,149 Epoch: 7, Loss: 0.597, Pixel Accuracy:  0.7930
2023-12-07 07:21:14,364 Checkpoint 7 saved !
2023-12-07 08:09:25,321 Epoch: 8, Loss: 0.638, Pixel Accuracy:  0.7762
2023-12-07 08:09:25,433 Checkpoint 8 saved !
2023-12-07 08:58:34,673 Epoch: 9, Loss: 0.645, Pixel Accuracy:  0.7491
2023-12-07 08:58:34,785 Checkpoint 9 saved !
2023-12-07 09:41:01,352 Epoch: 10, Loss: 0.554, Pixel Accuracy:  0.8023
2023-12-07 09:41:01,524 Checkpoint 10 saved !
2023-12-07 10:00:12,771 Epoch: 11, Loss: 0.586, Pixel Accuracy:  0.7874
2023-12-07 10:00:12,952 Checkpoint 11 saved !
2023-12-07 10:19:09,891 Epoch: 12, Loss: 0.616, Pixel Accuracy:  0.7651
2023-12-07 10:19:09,991 Checkpoint 12 saved !
2023-12-07 10:37:56,724 Epoch: 13, Loss: 0.598, Pixel Accuracy:  0.7659
2023-12-07 10:37:56,820 Checkpoint 13 saved !
2023-12-07 10:56:46,615 Epoch: 14, Loss: 0.691, Pixel Accuracy:  0.7476
2023-12-07 10:56:46,711 Checkpoint 14 saved !
2023-12-07 11:16:52,792 Epoch: 15, Loss: 0.852, Pixel Accuracy:  0.7234
2023-12-07 11:16:52,900 Checkpoint 15 saved !
2023-12-07 11:36:21,767 Epoch: 16, Loss: 0.601, Pixel Accuracy:  0.7767
2023-12-07 11:36:21,865 Checkpoint 16 saved !
2023-12-07 11:55:32,466 Epoch: 17, Loss: 0.617, Pixel Accuracy:  0.7602
2023-12-07 11:55:32,560 Checkpoint 17 saved !
2023-12-07 12:14:29,279 Epoch: 18, Loss: 0.670, Pixel Accuracy:  0.7601
2023-12-07 12:14:29,374 Checkpoint 18 saved !
